The system is: Linux - 3.10.0-1062.9.1.el7.x86_64 - x86_64
Compiling the C compiler identification source file "CMakeCCompilerId.c" succeeded.
Compiler: /ccb/sw/gcc10/bin/gcc 
Build flags: 
Id flags:  

The output was:
0
/usr/bin/ld: skipping incompatible /lib/../lib/libc.so when searching for -lc
/usr/bin/ld: skipping incompatible /usr/lib/../lib/libc.so when searching for -lc


Compilation of the C compiler identification source "CMakeCCompilerId.c" produced "a.out"

The C compiler identification is GNU, found in "/tmp/tmp.SEBJEAnaQR/cmake-build-release/CMakeFiles/3.16.6/CompilerIdC/a.out"

Compiling the CXX compiler identification source file "CMakeCXXCompilerId.cpp" succeeded.
Compiler: /opt/rh/devtoolset-8/root/usr/bin/g++ 
Build flags: 
Id flags:  

The output was:
0


Compilation of the CXX compiler identification source "CMakeCXXCompilerId.cpp" produced "a.out"

The CXX compiler identification is GNU, found in "/tmp/tmp.SEBJEAnaQR/cmake-build-release/CMakeFiles/3.16.6/CompilerIdCXX/a.out"

Determining if the C compiler works passed with the following output:
Change Dir: /tmp/tmp.SEBJEAnaQR/cmake-build-release/CMakeFiles/CMakeTmp

Run Build Command(s):/usr/bin/gmake cmTC_6a443/fast && /usr/bin/gmake  -f CMakeFiles/cmTC_6a443.dir/build.make CMakeFiles/cmTC_6a443.dir/build
gmake[1]: Entering directory `/tmp/tmp.SEBJEAnaQR/cmake-build-release/CMakeFiles/CMakeTmp'
Building C object CMakeFiles/cmTC_6a443.dir/testCCompiler.c.o
/ccb/sw/gcc10/bin/gcc    -o CMakeFiles/cmTC_6a443.dir/testCCompiler.c.o   -c /tmp/tmp.SEBJEAnaQR/cmake-build-release/CMakeFiles/CMakeTmp/testCCompiler.c
Linking C executable cmTC_6a443
/home/markus/cmake/cmake-3.16.6-Linux-x86_64/bin/cmake -E cmake_link_script CMakeFiles/cmTC_6a443.dir/link.txt --verbose=1
/ccb/sw/gcc10/bin/gcc    -static-libstdc++ -static-libgcc -Wl,-rpath,/ccb/sw/gcc10/lib -L/ccb/sw/gcc10/lib  CMakeFiles/cmTC_6a443.dir/testCCompiler.c.o  -o cmTC_6a443 
/usr/bin/ld: skipping incompatible /lib/../lib/libc.so when searching for -lc
/usr/bin/ld: skipping incompatible /usr/lib/../lib/libc.so when searching for -lc
gmake[1]: Leaving directory `/tmp/tmp.SEBJEAnaQR/cmake-build-release/CMakeFiles/CMakeTmp'



Detecting C compiler ABI info compiled with the following output:
Change Dir: /tmp/tmp.SEBJEAnaQR/cmake-build-release/CMakeFiles/CMakeTmp

Run Build Command(s):/usr/bin/gmake cmTC_ec487/fast && /usr/bin/gmake  -f CMakeFiles/cmTC_ec487.dir/build.make CMakeFiles/cmTC_ec487.dir/build
gmake[1]: Entering directory `/tmp/tmp.SEBJEAnaQR/cmake-build-release/CMakeFiles/CMakeTmp'
Building C object CMakeFiles/cmTC_ec487.dir/CMakeCCompilerABI.c.o
/ccb/sw/gcc10/bin/gcc   -v -o CMakeFiles/cmTC_ec487.dir/CMakeCCompilerABI.c.o   -c /home/markus/cmake/cmake-3.16.6-Linux-x86_64/share/cmake-3.16/Modules/CMakeCCompilerABI.c
Using built-in specs.
COLLECT_GCC=/ccb/sw/gcc10/bin/gcc
Target: x86_64-redhat-linux
Configured with: ../configure --prefix=/ccb/sw/gcc10 --disable-multilib --with-system-zlib --enable-languages=c,c++,fortran,go --disable-nls --with-tune=generic --with-arch_32=x86-64 --build=x86_64-redhat-linux --enable-initfini-array --enable-plugin --enable-static --disable-libgcj
Thread model: posix
Supported LTO compression algorithms: zlib
gcc version 10.3.0 (GCC) 
COLLECT_GCC_OPTIONS='-v' '-o' 'CMakeFiles/cmTC_ec487.dir/CMakeCCompilerABI.c.o' '-c' '-mtune=generic' '-march=x86-64'
 /ccb/sw/gcc10/libexec/gcc/x86_64-redhat-linux/10.3.0/cc1 -quiet -v /home/markus/cmake/cmake-3.16.6-Linux-x86_64/share/cmake-3.16/Modules/CMakeCCompilerABI.c -quiet -dumpbase CMakeCCompilerABI.c -mtune=generic -march=x86-64 -auxbase-strip CMakeFiles/cmTC_ec487.dir/CMakeCCompilerABI.c.o -version -o /tmp/ccjwMgQx.s
GNU C17 (GCC) version 10.3.0 (x86_64-redhat-linux)
	compiled by GNU C version 10.3.0, GMP version 6.1.0, MPFR version 3.1.4, MPC version 1.0.3, isl version isl-0.18-GMP

GGC heuristics: --param ggc-min-expand=100 --param ggc-min-heapsize=131072
ignoring nonexistent directory "/ccb/sw/gcc10/lib/gcc/x86_64-redhat-linux/10.3.0/../../../../x86_64-redhat-linux/include"
#include "..." search starts here:
#include <...> search starts here:
 /ccb/sw/gcc10/lib/gcc/x86_64-redhat-linux/10.3.0/include
 /usr/local/include
 /ccb/sw/gcc10/include
 /ccb/sw/gcc10/lib/gcc/x86_64-redhat-linux/10.3.0/include-fixed
 /usr/include
End of search list.
GNU C17 (GCC) version 10.3.0 (x86_64-redhat-linux)
	compiled by GNU C version 10.3.0, GMP version 6.1.0, MPFR version 3.1.4, MPC version 1.0.3, isl version isl-0.18-GMP

GGC heuristics: --param ggc-min-expand=100 --param ggc-min-heapsize=131072
Compiler executable checksum: caf5e301e8dcef1cb29537bf2e00e451
COLLECT_GCC_OPTIONS='-v' '-o' 'CMakeFiles/cmTC_ec487.dir/CMakeCCompilerABI.c.o' '-c' '-mtune=generic' '-march=x86-64'
 as -v --64 -o CMakeFiles/cmTC_ec487.dir/CMakeCCompilerABI.c.o /tmp/ccjwMgQx.s
GNU assembler version 2.27 (x86_64-redhat-linux) using BFD version version 2.27-41.base.el7_7.1
COMPILER_PATH=/ccb/sw/gcc10/libexec/gcc/x86_64-redhat-linux/10.3.0/:/ccb/sw/gcc10/libexec/gcc/x86_64-redhat-linux/10.3.0/:/ccb/sw/gcc10/libexec/gcc/x86_64-redhat-linux/:/ccb/sw/gcc10/lib/gcc/x86_64-redhat-linux/10.3.0/:/ccb/sw/gcc10/lib/gcc/x86_64-redhat-linux/
LIBRARY_PATH=/ccb/sw/gcc10/lib/gcc/x86_64-redhat-linux/10.3.0/:/ccb/sw/gcc10/lib/gcc/x86_64-redhat-linux/10.3.0/../../../../lib/:/lib/../lib/:/usr/lib/../lib/:/ccb/sw/gcc10/lib/gcc/x86_64-redhat-linux/10.3.0/../../../:/lib/:/usr/lib/
COLLECT_GCC_OPTIONS='-v' '-o' 'CMakeFiles/cmTC_ec487.dir/CMakeCCompilerABI.c.o' '-c' '-mtune=generic' '-march=x86-64'
Linking C executable cmTC_ec487
/home/markus/cmake/cmake-3.16.6-Linux-x86_64/bin/cmake -E cmake_link_script CMakeFiles/cmTC_ec487.dir/link.txt --verbose=1
/ccb/sw/gcc10/bin/gcc    -static-libstdc++ -static-libgcc -Wl,-rpath,/ccb/sw/gcc10/lib -L/ccb/sw/gcc10/lib -v CMakeFiles/cmTC_ec487.dir/CMakeCCompilerABI.c.o  -o cmTC_ec487 
Using built-in specs.
COLLECT_GCC=/ccb/sw/gcc10/bin/gcc
COLLECT_LTO_WRAPPER=/ccb/sw/gcc10/libexec/gcc/x86_64-redhat-linux/10.3.0/lto-wrapper
Target: x86_64-redhat-linux
Configured with: ../configure --prefix=/ccb/sw/gcc10 --disable-multilib --with-system-zlib --enable-languages=c,c++,fortran,go --disable-nls --with-tune=generic --with-arch_32=x86-64 --build=x86_64-redhat-linux --enable-initfini-array --enable-plugin --enable-static --disable-libgcj
Thread model: posix
Supported LTO compression algorithms: zlib
gcc version 10.3.0 (GCC) 
COMPILER_PATH=/ccb/sw/gcc10/libexec/gcc/x86_64-redhat-linux/10.3.0/:/ccb/sw/gcc10/libexec/gcc/x86_64-redhat-linux/10.3.0/:/ccb/sw/gcc10/libexec/gcc/x86_64-redhat-linux/:/ccb/sw/gcc10/lib/gcc/x86_64-redhat-linux/10.3.0/:/ccb/sw/gcc10/lib/gcc/x86_64-redhat-linux/
LIBRARY_PATH=/ccb/sw/gcc10/lib/gcc/x86_64-redhat-linux/10.3.0/:/ccb/sw/gcc10/lib/gcc/x86_64-redhat-linux/10.3.0/../../../../lib/:/lib/../lib/:/usr/lib/../lib/:/ccb/sw/gcc10/lib/gcc/x86_64-redhat-linux/10.3.0/../../../:/lib/:/usr/lib/
COLLECT_GCC_OPTIONS='-static-libstdc++' '-static-libgcc' '-L/ccb/sw/gcc10/lib' '-v' '-o' 'cmTC_ec487' '-mtune=generic' '-march=x86-64'
 /ccb/sw/gcc10/libexec/gcc/x86_64-redhat-linux/10.3.0/collect2 -plugin /ccb/sw/gcc10/libexec/gcc/x86_64-redhat-linux/10.3.0/liblto_plugin.so -plugin-opt=/ccb/sw/gcc10/libexec/gcc/x86_64-redhat-linux/10.3.0/lto-wrapper -plugin-opt=-fresolution=/tmp/ccc5QFaE.res -plugin-opt=-pass-through=-lgcc -plugin-opt=-pass-through=-lgcc_eh -plugin-opt=-pass-through=-lc -plugin-opt=-pass-through=-lgcc -plugin-opt=-pass-through=-lgcc_eh --eh-frame-hdr -m elf_x86_64 -dynamic-linker /lib64/ld-linux-x86-64.so.2 -o cmTC_ec487 /ccb/sw/gcc10/lib/gcc/x86_64-redhat-linux/10.3.0/../../../../lib/crt1.o /ccb/sw/gcc10/lib/gcc/x86_64-redhat-linux/10.3.0/../../../../lib/crti.o /ccb/sw/gcc10/lib/gcc/x86_64-redhat-linux/10.3.0/crtbegin.o -L/ccb/sw/gcc10/lib -L/ccb/sw/gcc10/lib/gcc/x86_64-redhat-linux/10.3.0 -L/ccb/sw/gcc10/lib/gcc/x86_64-redhat-linux/10.3.0/../../../../lib -L/lib/../lib -L/usr/lib/../lib -L/ccb/sw/gcc10/lib/gcc/x86_64-redhat-linux/10.3.0/../../.. -rpath /ccb/sw/gcc10/lib CMakeFiles/cmTC_ec487.dir/CMakeCCompilerABI.c.o -lgcc -lgcc_eh -lc -lgcc -lgcc_eh /ccb/sw/gcc10/lib/gcc/x86_64-redhat-linux/10.3.0/crtend.o /ccb/sw/gcc10/lib/gcc/x86_64-redhat-linux/10.3.0/../../../../lib/crtn.o
/usr/bin/ld: skipping incompatible /lib/../lib/libc.so when searching for -lc
/usr/bin/ld: skipping incompatible /usr/lib/../lib/libc.so when searching for -lc
COLLECT_GCC_OPTIONS='-static-libstdc++' '-static-libgcc' '-L/ccb/sw/gcc10/lib' '-v' '-o' 'cmTC_ec487' '-mtune=generic' '-march=x86-64'
gmake[1]: Leaving directory `/tmp/tmp.SEBJEAnaQR/cmake-build-release/CMakeFiles/CMakeTmp'



Parsed C implicit include dir info from above output: rv=done
  found start of include info
  found start of implicit include info
    add: [/ccb/sw/gcc10/lib/gcc/x86_64-redhat-linux/10.3.0/include]
    add: [/usr/local/include]
    add: [/ccb/sw/gcc10/include]
    add: [/ccb/sw/gcc10/lib/gcc/x86_64-redhat-linux/10.3.0/include-fixed]
    add: [/usr/include]
  end of search list found
  collapse include dir [/ccb/sw/gcc10/lib/gcc/x86_64-redhat-linux/10.3.0/include] ==> [/ccb/sw/gcc10/lib/gcc/x86_64-redhat-linux/10.3.0/include]
  collapse include dir [/usr/local/include] ==> [/usr/local/include]
  collapse include dir [/ccb/sw/gcc10/include] ==> [/ccb/sw/gcc10/include]
  collapse include dir [/ccb/sw/gcc10/lib/gcc/x86_64-redhat-linux/10.3.0/include-fixed] ==> [/ccb/sw/gcc10/lib/gcc/x86_64-redhat-linux/10.3.0/include-fixed]
  collapse include dir [/usr/include] ==> [/usr/include]
  implicit include dirs: [/ccb/sw/gcc10/lib/gcc/x86_64-redhat-linux/10.3.0/include;/usr/local/include;/ccb/sw/gcc10/include;/ccb/sw/gcc10/lib/gcc/x86_64-redhat-linux/10.3.0/include-fixed;/usr/include]


Parsed C implicit link information from above output:
  link line regex: [^( *|.*[/\])(ld|CMAKE_LINK_STARTFILE-NOTFOUND|([^/\]+-)?ld|collect2)[^/\]*( |$)]
  ignore line: [Change Dir: /tmp/tmp.SEBJEAnaQR/cmake-build-release/CMakeFiles/CMakeTmp]
  ignore line: []
  ignore line: [Run Build Command(s):/usr/bin/gmake cmTC_ec487/fast && /usr/bin/gmake  -f CMakeFiles/cmTC_ec487.dir/build.make CMakeFiles/cmTC_ec487.dir/build]
  ignore line: [gmake[1]: Entering directory `/tmp/tmp.SEBJEAnaQR/cmake-build-release/CMakeFiles/CMakeTmp']
  ignore line: [Building C object CMakeFiles/cmTC_ec487.dir/CMakeCCompilerABI.c.o]
  ignore line: [/ccb/sw/gcc10/bin/gcc   -v -o CMakeFiles/cmTC_ec487.dir/CMakeCCompilerABI.c.o   -c /home/markus/cmake/cmake-3.16.6-Linux-x86_64/share/cmake-3.16/Modules/CMakeCCompilerABI.c]
  ignore line: [Using built-in specs.]
  ignore line: [COLLECT_GCC=/ccb/sw/gcc10/bin/gcc]
  ignore line: [Target: x86_64-redhat-linux]
  ignore line: [Configured with: ../configure --prefix=/ccb/sw/gcc10 --disable-multilib --with-system-zlib --enable-languages=c c++ fortran go --disable-nls --with-tune=generic --with-arch_32=x86-64 --build=x86_64-redhat-linux --enable-initfini-array --enable-plugin --enable-static --disable-libgcj]
  ignore line: [Thread model: posix]
  ignore line: [Supported LTO compression algorithms: zlib]
  ignore line: [gcc version 10.3.0 (GCC) ]
  ignore line: [COLLECT_GCC_OPTIONS='-v' '-o' 'CMakeFiles/cmTC_ec487.dir/CMakeCCompilerABI.c.o' '-c' '-mtune=generic' '-march=x86-64']
  ignore line: [ /ccb/sw/gcc10/libexec/gcc/x86_64-redhat-linux/10.3.0/cc1 -quiet -v /home/markus/cmake/cmake-3.16.6-Linux-x86_64/share/cmake-3.16/Modules/CMakeCCompilerABI.c -quiet -dumpbase CMakeCCompilerABI.c -mtune=generic -march=x86-64 -auxbase-strip CMakeFiles/cmTC_ec487.dir/CMakeCCompilerABI.c.o -version -o /tmp/ccjwMgQx.s]
  ignore line: [GNU C17 (GCC) version 10.3.0 (x86_64-redhat-linux)]
  ignore line: [	compiled by GNU C version 10.3.0  GMP version 6.1.0  MPFR version 3.1.4  MPC version 1.0.3  isl version isl-0.18-GMP]
  ignore line: []
  ignore line: [GGC heuristics: --param ggc-min-expand=100 --param ggc-min-heapsize=131072]
  ignore line: [ignoring nonexistent directory "/ccb/sw/gcc10/lib/gcc/x86_64-redhat-linux/10.3.0/../../../../x86_64-redhat-linux/include"]
  ignore line: [#include "..." search starts here:]
  ignore line: [#include <...> search starts here:]
  ignore line: [ /ccb/sw/gcc10/lib/gcc/x86_64-redhat-linux/10.3.0/include]
  ignore line: [ /usr/local/include]
  ignore line: [ /ccb/sw/gcc10/include]
  ignore line: [ /ccb/sw/gcc10/lib/gcc/x86_64-redhat-linux/10.3.0/include-fixed]
  ignore line: [ /usr/include]
  ignore line: [End of search list.]
  ignore line: [GNU C17 (GCC) version 10.3.0 (x86_64-redhat-linux)]
  ignore line: [	compiled by GNU C version 10.3.0  GMP version 6.1.0  MPFR version 3.1.4  MPC version 1.0.3  isl version isl-0.18-GMP]
  ignore line: []
  ignore line: [GGC heuristics: --param ggc-min-expand=100 --param ggc-min-heapsize=131072]
  ignore line: [Compiler executable checksum: caf5e301e8dcef1cb29537bf2e00e451]
  ignore line: [COLLECT_GCC_OPTIONS='-v' '-o' 'CMakeFiles/cmTC_ec487.dir/CMakeCCompilerABI.c.o' '-c' '-mtune=generic' '-march=x86-64']
  ignore line: [ as -v --64 -o CMakeFiles/cmTC_ec487.dir/CMakeCCompilerABI.c.o /tmp/ccjwMgQx.s]
  ignore line: [GNU assembler version 2.27 (x86_64-redhat-linux) using BFD version version 2.27-41.base.el7_7.1]
  ignore line: [COMPILER_PATH=/ccb/sw/gcc10/libexec/gcc/x86_64-redhat-linux/10.3.0/:/ccb/sw/gcc10/libexec/gcc/x86_64-redhat-linux/10.3.0/:/ccb/sw/gcc10/libexec/gcc/x86_64-redhat-linux/:/ccb/sw/gcc10/lib/gcc/x86_64-redhat-linux/10.3.0/:/ccb/sw/gcc10/lib/gcc/x86_64-redhat-linux/]
  ignore line: [LIBRARY_PATH=/ccb/sw/gcc10/lib/gcc/x86_64-redhat-linux/10.3.0/:/ccb/sw/gcc10/lib/gcc/x86_64-redhat-linux/10.3.0/../../../../lib/:/lib/../lib/:/usr/lib/../lib/:/ccb/sw/gcc10/lib/gcc/x86_64-redhat-linux/10.3.0/../../../:/lib/:/usr/lib/]
  ignore line: [COLLECT_GCC_OPTIONS='-v' '-o' 'CMakeFiles/cmTC_ec487.dir/CMakeCCompilerABI.c.o' '-c' '-mtune=generic' '-march=x86-64']
  ignore line: [Linking C executable cmTC_ec487]
  ignore line: [/home/markus/cmake/cmake-3.16.6-Linux-x86_64/bin/cmake -E cmake_link_script CMakeFiles/cmTC_ec487.dir/link.txt --verbose=1]
  ignore line: [/ccb/sw/gcc10/bin/gcc    -static-libstdc++ -static-libgcc -Wl -rpath /ccb/sw/gcc10/lib -L/ccb/sw/gcc10/lib -v CMakeFiles/cmTC_ec487.dir/CMakeCCompilerABI.c.o  -o cmTC_ec487 ]
  ignore line: [Using built-in specs.]
  ignore line: [COLLECT_GCC=/ccb/sw/gcc10/bin/gcc]
  ignore line: [COLLECT_LTO_WRAPPER=/ccb/sw/gcc10/libexec/gcc/x86_64-redhat-linux/10.3.0/lto-wrapper]
  ignore line: [Target: x86_64-redhat-linux]
  ignore line: [Configured with: ../configure --prefix=/ccb/sw/gcc10 --disable-multilib --with-system-zlib --enable-languages=c c++ fortran go --disable-nls --with-tune=generic --with-arch_32=x86-64 --build=x86_64-redhat-linux --enable-initfini-array --enable-plugin --enable-static --disable-libgcj]
  ignore line: [Thread model: posix]
  ignore line: [Supported LTO compression algorithms: zlib]
  ignore line: [gcc version 10.3.0 (GCC) ]
  ignore line: [COMPILER_PATH=/ccb/sw/gcc10/libexec/gcc/x86_64-redhat-linux/10.3.0/:/ccb/sw/gcc10/libexec/gcc/x86_64-redhat-linux/10.3.0/:/ccb/sw/gcc10/libexec/gcc/x86_64-redhat-linux/:/ccb/sw/gcc10/lib/gcc/x86_64-redhat-linux/10.3.0/:/ccb/sw/gcc10/lib/gcc/x86_64-redhat-linux/]
  ignore line: [LIBRARY_PATH=/ccb/sw/gcc10/lib/gcc/x86_64-redhat-linux/10.3.0/:/ccb/sw/gcc10/lib/gcc/x86_64-redhat-linux/10.3.0/../../../../lib/:/lib/../lib/:/usr/lib/../lib/:/ccb/sw/gcc10/lib/gcc/x86_64-redhat-linux/10.3.0/../../../:/lib/:/usr/lib/]
  ignore line: [COLLECT_GCC_OPTIONS='-static-libstdc++' '-static-libgcc' '-L/ccb/sw/gcc10/lib' '-v' '-o' 'cmTC_ec487' '-mtune=generic' '-march=x86-64']
  link line: [ /ccb/sw/gcc10/libexec/gcc/x86_64-redhat-linux/10.3.0/collect2 -plugin /ccb/sw/gcc10/libexec/gcc/x86_64-redhat-linux/10.3.0/liblto_plugin.so -plugin-opt=/ccb/sw/gcc10/libexec/gcc/x86_64-redhat-linux/10.3.0/lto-wrapper -plugin-opt=-fresolution=/tmp/ccc5QFaE.res -plugin-opt=-pass-through=-lgcc -plugin-opt=-pass-through=-lgcc_eh -plugin-opt=-pass-through=-lc -plugin-opt=-pass-through=-lgcc -plugin-opt=-pass-through=-lgcc_eh --eh-frame-hdr -m elf_x86_64 -dynamic-linker /lib64/ld-linux-x86-64.so.2 -o cmTC_ec487 /ccb/sw/gcc10/lib/gcc/x86_64-redhat-linux/10.3.0/../../../../lib/crt1.o /ccb/sw/gcc10/lib/gcc/x86_64-redhat-linux/10.3.0/../../../../lib/crti.o /ccb/sw/gcc10/lib/gcc/x86_64-redhat-linux/10.3.0/crtbegin.o -L/ccb/sw/gcc10/lib -L/ccb/sw/gcc10/lib/gcc/x86_64-redhat-linux/10.3.0 -L/ccb/sw/gcc10/lib/gcc/x86_64-redhat-linux/10.3.0/../../../../lib -L/lib/../lib -L/usr/lib/../lib -L/ccb/sw/gcc10/lib/gcc/x86_64-redhat-linux/10.3.0/../../.. -rpath /ccb/sw/gcc10/lib CMakeFiles/cmTC_ec487.dir/CMakeCCompilerABI.c.o -lgcc -lgcc_eh -lc -lgcc -lgcc_eh /ccb/sw/gcc10/lib/gcc/x86_64-redhat-linux/10.3.0/crtend.o /ccb/sw/gcc10/lib/gcc/x86_64-redhat-linux/10.3.0/../../../../lib/crtn.o]
    arg [/ccb/sw/gcc10/libexec/gcc/x86_64-redhat-linux/10.3.0/collect2] ==> ignore
    arg [-plugin] ==> ignore
    arg [/ccb/sw/gcc10/libexec/gcc/x86_64-redhat-linux/10.3.0/liblto_plugin.so] ==> ignore
    arg [-plugin-opt=/ccb/sw/gcc10/libexec/gcc/x86_64-redhat-linux/10.3.0/lto-wrapper] ==> ignore
    arg [-plugin-opt=-fresolution=/tmp/ccc5QFaE.res] ==> ignore
    arg [-plugin-opt=-pass-through=-lgcc] ==> ignore
    arg [-plugin-opt=-pass-through=-lgcc_eh] ==> ignore
    arg [-plugin-opt=-pass-through=-lc] ==> ignore
    arg [-plugin-opt=-pass-through=-lgcc] ==> ignore
    arg [-plugin-opt=-pass-through=-lgcc_eh] ==> ignore
    arg [--eh-frame-hdr] ==> ignore
    arg [-m] ==> ignore
    arg [elf_x86_64] ==> ignore
    arg [-dynamic-linker] ==> ignore
    arg [/lib64/ld-linux-x86-64.so.2] ==> ignore
    arg [-o] ==> ignore
    arg [cmTC_ec487] ==> ignore
    arg [/ccb/sw/gcc10/lib/gcc/x86_64-redhat-linux/10.3.0/../../../../lib/crt1.o] ==> ignore
    arg [/ccb/sw/gcc10/lib/gcc/x86_64-redhat-linux/10.3.0/../../../../lib/crti.o] ==> ignore
    arg [/ccb/sw/gcc10/lib/gcc/x86_64-redhat-linux/10.3.0/crtbegin.o] ==> ignore
    arg [-L/ccb/sw/gcc10/lib] ==> dir [/ccb/sw/gcc10/lib]
    arg [-L/ccb/sw/gcc10/lib/gcc/x86_64-redhat-linux/10.3.0] ==> dir [/ccb/sw/gcc10/lib/gcc/x86_64-redhat-linux/10.3.0]
    arg [-L/ccb/sw/gcc10/lib/gcc/x86_64-redhat-linux/10.3.0/../../../../lib] ==> dir [/ccb/sw/gcc10/lib/gcc/x86_64-redhat-linux/10.3.0/../../../../lib]
    arg [-L/lib/../lib] ==> dir [/lib/../lib]
    arg [-L/usr/lib/../lib] ==> dir [/usr/lib/../lib]
    arg [-L/ccb/sw/gcc10/lib/gcc/x86_64-redhat-linux/10.3.0/../../..] ==> dir [/ccb/sw/gcc10/lib/gcc/x86_64-redhat-linux/10.3.0/../../..]
    arg [-rpath] ==> ignore
    arg [/ccb/sw/gcc10/lib] ==> ignore
    arg [CMakeFiles/cmTC_ec487.dir/CMakeCCompilerABI.c.o] ==> ignore
    arg [-lgcc] ==> lib [gcc]
    arg [-lgcc_eh] ==> lib [gcc_eh]
    arg [-lc] ==> lib [c]
    arg [-lgcc] ==> lib [gcc]
    arg [-lgcc_eh] ==> lib [gcc_eh]
    arg [/ccb/sw/gcc10/lib/gcc/x86_64-redhat-linux/10.3.0/crtend.o] ==> ignore
    arg [/ccb/sw/gcc10/lib/gcc/x86_64-redhat-linux/10.3.0/../../../../lib/crtn.o] ==> ignore
  remove lib [gcc_eh]
  remove lib [gcc_eh]
  collapse library dir [/ccb/sw/gcc10/lib] ==> [/ccb/sw/gcc10/lib]
  collapse library dir [/ccb/sw/gcc10/lib/gcc/x86_64-redhat-linux/10.3.0] ==> [/ccb/sw/gcc10/lib/gcc/x86_64-redhat-linux/10.3.0]
  collapse library dir [/ccb/sw/gcc10/lib/gcc/x86_64-redhat-linux/10.3.0/../../../../lib] ==> [/ccb/sw/gcc10/lib]
  collapse library dir [/lib/../lib] ==> [/lib]
  collapse library dir [/usr/lib/../lib] ==> [/usr/lib]
  collapse library dir [/ccb/sw/gcc10/lib/gcc/x86_64-redhat-linux/10.3.0/../../..] ==> [/ccb/sw/gcc10/lib]
  implicit libs: [gcc;c;gcc]
  implicit dirs: [/ccb/sw/gcc10/lib;/ccb/sw/gcc10/lib/gcc/x86_64-redhat-linux/10.3.0;/lib;/usr/lib]
  implicit fwks: []


Determining if the CXX compiler works passed with the following output:
Change Dir: /tmp/tmp.SEBJEAnaQR/cmake-build-release/CMakeFiles/CMakeTmp

Run Build Command(s):/usr/bin/gmake cmTC_8730a/fast && /usr/bin/gmake  -f CMakeFiles/cmTC_8730a.dir/build.make CMakeFiles/cmTC_8730a.dir/build
gmake[1]: Entering directory `/tmp/tmp.SEBJEAnaQR/cmake-build-release/CMakeFiles/CMakeTmp'
Building CXX object CMakeFiles/cmTC_8730a.dir/testCXXCompiler.cxx.o
/opt/rh/devtoolset-8/root/usr/bin/g++     -o CMakeFiles/cmTC_8730a.dir/testCXXCompiler.cxx.o -c /tmp/tmp.SEBJEAnaQR/cmake-build-release/CMakeFiles/CMakeTmp/testCXXCompiler.cxx
Linking CXX executable cmTC_8730a
/home/markus/cmake/cmake-3.16.6-Linux-x86_64/bin/cmake -E cmake_link_script CMakeFiles/cmTC_8730a.dir/link.txt --verbose=1
/opt/rh/devtoolset-8/root/usr/bin/g++     -static-libstdc++ -static-libgcc -Wl,-rpath,/ccb/sw/gcc10/lib -L/ccb/sw/gcc10/lib  CMakeFiles/cmTC_8730a.dir/testCXXCompiler.cxx.o  -o cmTC_8730a 
gmake[1]: Leaving directory `/tmp/tmp.SEBJEAnaQR/cmake-build-release/CMakeFiles/CMakeTmp'



Detecting CXX compiler ABI info compiled with the following output:
Change Dir: /tmp/tmp.SEBJEAnaQR/cmake-build-release/CMakeFiles/CMakeTmp

Run Build Command(s):/usr/bin/gmake cmTC_dfe3b/fast && /usr/bin/gmake  -f CMakeFiles/cmTC_dfe3b.dir/build.make CMakeFiles/cmTC_dfe3b.dir/build
gmake[1]: Entering directory `/tmp/tmp.SEBJEAnaQR/cmake-build-release/CMakeFiles/CMakeTmp'
Building CXX object CMakeFiles/cmTC_dfe3b.dir/CMakeCXXCompilerABI.cpp.o
/opt/rh/devtoolset-8/root/usr/bin/g++    -v -o CMakeFiles/cmTC_dfe3b.dir/CMakeCXXCompilerABI.cpp.o -c /home/markus/cmake/cmake-3.16.6-Linux-x86_64/share/cmake-3.16/Modules/CMakeCXXCompilerABI.cpp
Using built-in specs.
COLLECT_GCC=/opt/rh/devtoolset-8/root/usr/bin/g++
Target: x86_64-redhat-linux
Configured with: ../configure --enable-bootstrap --enable-languages=c,c++,fortran,lto --prefix=/opt/rh/devtoolset-8/root/usr --mandir=/opt/rh/devtoolset-8/root/usr/share/man --infodir=/opt/rh/devtoolset-8/root/usr/share/info --with-bugurl=http://bugzilla.redhat.com/bugzilla --enable-shared --enable-threads=posix --enable-checking=release --enable-multilib --with-system-zlib --enable-__cxa_atexit --disable-libunwind-exceptions --enable-gnu-unique-object --enable-linker-build-id --with-gcc-major-version-only --with-linker-hash-style=gnu --with-default-libstdcxx-abi=gcc4-compatible --enable-plugin --enable-initfini-array --with-isl=/builddir/build/BUILD/gcc-8.3.1-20190311/obj-x86_64-redhat-linux/isl-install --disable-libmpx --enable-gnu-indirect-function --with-tune=generic --with-arch_32=x86-64 --build=x86_64-redhat-linux
Thread model: posix
gcc version 8.3.1 20190311 (Red Hat 8.3.1-3) (GCC) 
COLLECT_GCC_OPTIONS='-v' '-o' 'CMakeFiles/cmTC_dfe3b.dir/CMakeCXXCompilerABI.cpp.o' '-c' '-shared-libgcc' '-mtune=generic' '-march=x86-64'
 /opt/rh/devtoolset-8/root/usr/libexec/gcc/x86_64-redhat-linux/8/cc1plus -quiet -v -D_GNU_SOURCE /home/markus/cmake/cmake-3.16.6-Linux-x86_64/share/cmake-3.16/Modules/CMakeCXXCompilerABI.cpp -quiet -dumpbase CMakeCXXCompilerABI.cpp -mtune=generic -march=x86-64 -auxbase-strip CMakeFiles/cmTC_dfe3b.dir/CMakeCXXCompilerABI.cpp.o -version -o /tmp/ccRcTRVQ.s
GNU C++14 (GCC) version 8.3.1 20190311 (Red Hat 8.3.1-3) (x86_64-redhat-linux)
	compiled by GNU C version 8.3.1 20190311 (Red Hat 8.3.1-3), GMP version 6.0.0, MPFR version 3.1.1, MPC version 1.0.1, isl version isl-0.16.1-GMP

GGC heuristics: --param ggc-min-expand=100 --param ggc-min-heapsize=131072
ignoring nonexistent directory "/opt/rh/devtoolset-8/root/usr/lib/gcc/x86_64-redhat-linux/8/include-fixed"
ignoring nonexistent directory "/opt/rh/devtoolset-8/root/usr/lib/gcc/x86_64-redhat-linux/8/../../../../x86_64-redhat-linux/include"
#include "..." search starts here:
#include <...> search starts here:
 /opt/rh/devtoolset-8/root/usr/lib/gcc/x86_64-redhat-linux/8/../../../../include/c++/8
 /opt/rh/devtoolset-8/root/usr/lib/gcc/x86_64-redhat-linux/8/../../../../include/c++/8/x86_64-redhat-linux
 /opt/rh/devtoolset-8/root/usr/lib/gcc/x86_64-redhat-linux/8/../../../../include/c++/8/backward
 /opt/rh/devtoolset-8/root/usr/lib/gcc/x86_64-redhat-linux/8/include
 /usr/local/include
 /opt/rh/devtoolset-8/root/usr/include
 /usr/include
End of search list.
GNU C++14 (GCC) version 8.3.1 20190311 (Red Hat 8.3.1-3) (x86_64-redhat-linux)
	compiled by GNU C version 8.3.1 20190311 (Red Hat 8.3.1-3), GMP version 6.0.0, MPFR version 3.1.1, MPC version 1.0.1, isl version isl-0.16.1-GMP

GGC heuristics: --param ggc-min-expand=100 --param ggc-min-heapsize=131072
Compiler executable checksum: 571460419ec27a69ccc981b824b811cc
COLLECT_GCC_OPTIONS='-v' '-o' 'CMakeFiles/cmTC_dfe3b.dir/CMakeCXXCompilerABI.cpp.o' '-c' '-shared-libgcc' '-mtune=generic' '-march=x86-64'
 /opt/rh/devtoolset-8/root/usr/libexec/gcc/x86_64-redhat-linux/8/as -v --64 -o CMakeFiles/cmTC_dfe3b.dir/CMakeCXXCompilerABI.cpp.o /tmp/ccRcTRVQ.s
GNU assembler version 2.30 (x86_64-redhat-linux) using BFD version version 2.30-54.el7
COMPILER_PATH=/opt/rh/devtoolset-8/root/usr/libexec/gcc/x86_64-redhat-linux/8/:/opt/rh/devtoolset-8/root/usr/libexec/gcc/x86_64-redhat-linux/8/:/opt/rh/devtoolset-8/root/usr/libexec/gcc/x86_64-redhat-linux/:/opt/rh/devtoolset-8/root/usr/lib/gcc/x86_64-redhat-linux/8/:/opt/rh/devtoolset-8/root/usr/lib/gcc/x86_64-redhat-linux/
LIBRARY_PATH=/opt/rh/devtoolset-8/root/usr/lib/gcc/x86_64-redhat-linux/8/:/opt/rh/devtoolset-8/root/usr/lib/gcc/x86_64-redhat-linux/8/../../../../lib64/:/lib/../lib64/:/usr/lib/../lib64/:/opt/rh/devtoolset-8/root/usr/lib/gcc/x86_64-redhat-linux/8/../../../:/lib/:/usr/lib/
COLLECT_GCC_OPTIONS='-v' '-o' 'CMakeFiles/cmTC_dfe3b.dir/CMakeCXXCompilerABI.cpp.o' '-c' '-shared-libgcc' '-mtune=generic' '-march=x86-64'
Linking CXX executable cmTC_dfe3b
/home/markus/cmake/cmake-3.16.6-Linux-x86_64/bin/cmake -E cmake_link_script CMakeFiles/cmTC_dfe3b.dir/link.txt --verbose=1
/opt/rh/devtoolset-8/root/usr/bin/g++     -static-libstdc++ -static-libgcc -Wl,-rpath,/ccb/sw/gcc10/lib -L/ccb/sw/gcc10/lib -v CMakeFiles/cmTC_dfe3b.dir/CMakeCXXCompilerABI.cpp.o  -o cmTC_dfe3b 
Using built-in specs.
COLLECT_GCC=/opt/rh/devtoolset-8/root/usr/bin/g++
COLLECT_LTO_WRAPPER=/opt/rh/devtoolset-8/root/usr/libexec/gcc/x86_64-redhat-linux/8/lto-wrapper
Target: x86_64-redhat-linux
Configured with: ../configure --enable-bootstrap --enable-languages=c,c++,fortran,lto --prefix=/opt/rh/devtoolset-8/root/usr --mandir=/opt/rh/devtoolset-8/root/usr/share/man --infodir=/opt/rh/devtoolset-8/root/usr/share/info --with-bugurl=http://bugzilla.redhat.com/bugzilla --enable-shared --enable-threads=posix --enable-checking=release --enable-multilib --with-system-zlib --enable-__cxa_atexit --disable-libunwind-exceptions --enable-gnu-unique-object --enable-linker-build-id --with-gcc-major-version-only --with-linker-hash-style=gnu --with-default-libstdcxx-abi=gcc4-compatible --enable-plugin --enable-initfini-array --with-isl=/builddir/build/BUILD/gcc-8.3.1-20190311/obj-x86_64-redhat-linux/isl-install --disable-libmpx --enable-gnu-indirect-function --with-tune=generic --with-arch_32=x86-64 --build=x86_64-redhat-linux
Thread model: posix
gcc version 8.3.1 20190311 (Red Hat 8.3.1-3) (GCC) 
COMPILER_PATH=/opt/rh/devtoolset-8/root/usr/libexec/gcc/x86_64-redhat-linux/8/:/opt/rh/devtoolset-8/root/usr/libexec/gcc/x86_64-redhat-linux/8/:/opt/rh/devtoolset-8/root/usr/libexec/gcc/x86_64-redhat-linux/:/opt/rh/devtoolset-8/root/usr/lib/gcc/x86_64-redhat-linux/8/:/opt/rh/devtoolset-8/root/usr/lib/gcc/x86_64-redhat-linux/
LIBRARY_PATH=/opt/rh/devtoolset-8/root/usr/lib/gcc/x86_64-redhat-linux/8/:/opt/rh/devtoolset-8/root/usr/lib/gcc/x86_64-redhat-linux/8/../../../../lib64/:/lib/../lib64/:/usr/lib/../lib64/:/opt/rh/devtoolset-8/root/usr/lib/gcc/x86_64-redhat-linux/8/../../../:/lib/:/usr/lib/
COLLECT_GCC_OPTIONS='-static-libgcc' '-L/ccb/sw/gcc10/lib' '-v' '-o' 'cmTC_dfe3b' '-mtune=generic' '-march=x86-64'
 /opt/rh/devtoolset-8/root/usr/libexec/gcc/x86_64-redhat-linux/8/collect2 -plugin /opt/rh/devtoolset-8/root/usr/libexec/gcc/x86_64-redhat-linux/8/liblto_plugin.so -plugin-opt=/opt/rh/devtoolset-8/root/usr/libexec/gcc/x86_64-redhat-linux/8/lto-wrapper -plugin-opt=-fresolution=/tmp/cccbUIAW.res -plugin-opt=-pass-through=-lgcc -plugin-opt=-pass-through=-lgcc_eh -plugin-opt=-pass-through=-lc -plugin-opt=-pass-through=-lgcc -plugin-opt=-pass-through=-lgcc_eh --build-id --no-add-needed --eh-frame-hdr --hash-style=gnu -m elf_x86_64 -dynamic-linker /lib64/ld-linux-x86-64.so.2 -o cmTC_dfe3b /lib/../lib64/crt1.o /lib/../lib64/crti.o /opt/rh/devtoolset-8/root/usr/lib/gcc/x86_64-redhat-linux/8/crtbegin.o -L/ccb/sw/gcc10/lib -L/opt/rh/devtoolset-8/root/usr/lib/gcc/x86_64-redhat-linux/8 -L/opt/rh/devtoolset-8/root/usr/lib/gcc/x86_64-redhat-linux/8/../../../../lib64 -L/lib/../lib64 -L/usr/lib/../lib64 -L/opt/rh/devtoolset-8/root/usr/lib/gcc/x86_64-redhat-linux/8/../../.. -rpath /ccb/sw/gcc10/lib CMakeFiles/cmTC_dfe3b.dir/CMakeCXXCompilerABI.cpp.o -Bstatic -lstdc++ -Bdynamic -lm -lgcc -lgcc_eh -lc -lgcc -lgcc_eh /opt/rh/devtoolset-8/root/usr/lib/gcc/x86_64-redhat-linux/8/crtend.o /lib/../lib64/crtn.o
COLLECT_GCC_OPTIONS='-static-libgcc' '-L/ccb/sw/gcc10/lib' '-v' '-o' 'cmTC_dfe3b' '-mtune=generic' '-march=x86-64'
gmake[1]: Leaving directory `/tmp/tmp.SEBJEAnaQR/cmake-build-release/CMakeFiles/CMakeTmp'



Parsed CXX implicit include dir info from above output: rv=done
  found start of include info
  found start of implicit include info
    add: [/opt/rh/devtoolset-8/root/usr/lib/gcc/x86_64-redhat-linux/8/../../../../include/c++/8]
    add: [/opt/rh/devtoolset-8/root/usr/lib/gcc/x86_64-redhat-linux/8/../../../../include/c++/8/x86_64-redhat-linux]
    add: [/opt/rh/devtoolset-8/root/usr/lib/gcc/x86_64-redhat-linux/8/../../../../include/c++/8/backward]
    add: [/opt/rh/devtoolset-8/root/usr/lib/gcc/x86_64-redhat-linux/8/include]
    add: [/usr/local/include]
    add: [/opt/rh/devtoolset-8/root/usr/include]
    add: [/usr/include]
  end of search list found
  collapse include dir [/opt/rh/devtoolset-8/root/usr/lib/gcc/x86_64-redhat-linux/8/../../../../include/c++/8] ==> [/opt/rh/devtoolset-8/root/usr/include/c++/8]
  collapse include dir [/opt/rh/devtoolset-8/root/usr/lib/gcc/x86_64-redhat-linux/8/../../../../include/c++/8/x86_64-redhat-linux] ==> [/opt/rh/devtoolset-8/root/usr/include/c++/8/x86_64-redhat-linux]
  collapse include dir [/opt/rh/devtoolset-8/root/usr/lib/gcc/x86_64-redhat-linux/8/../../../../include/c++/8/backward] ==> [/opt/rh/devtoolset-8/root/usr/include/c++/8/backward]
  collapse include dir [/opt/rh/devtoolset-8/root/usr/lib/gcc/x86_64-redhat-linux/8/include] ==> [/opt/rh/devtoolset-8/root/usr/lib/gcc/x86_64-redhat-linux/8/include]
  collapse include dir [/usr/local/include] ==> [/usr/local/include]
  collapse include dir [/opt/rh/devtoolset-8/root/usr/include] ==> [/opt/rh/devtoolset-8/root/usr/include]
  collapse include dir [/usr/include] ==> [/usr/include]
  implicit include dirs: [/opt/rh/devtoolset-8/root/usr/include/c++/8;/opt/rh/devtoolset-8/root/usr/include/c++/8/x86_64-redhat-linux;/opt/rh/devtoolset-8/root/usr/include/c++/8/backward;/opt/rh/devtoolset-8/root/usr/lib/gcc/x86_64-redhat-linux/8/include;/usr/local/include;/opt/rh/devtoolset-8/root/usr/include;/usr/include]


Parsed CXX implicit link information from above output:
  link line regex: [^( *|.*[/\])(ld|CMAKE_LINK_STARTFILE-NOTFOUND|([^/\]+-)?ld|collect2)[^/\]*( |$)]
  ignore line: [Change Dir: /tmp/tmp.SEBJEAnaQR/cmake-build-release/CMakeFiles/CMakeTmp]
  ignore line: []
  ignore line: [Run Build Command(s):/usr/bin/gmake cmTC_dfe3b/fast && /usr/bin/gmake  -f CMakeFiles/cmTC_dfe3b.dir/build.make CMakeFiles/cmTC_dfe3b.dir/build]
  ignore line: [gmake[1]: Entering directory `/tmp/tmp.SEBJEAnaQR/cmake-build-release/CMakeFiles/CMakeTmp']
  ignore line: [Building CXX object CMakeFiles/cmTC_dfe3b.dir/CMakeCXXCompilerABI.cpp.o]
  ignore line: [/opt/rh/devtoolset-8/root/usr/bin/g++    -v -o CMakeFiles/cmTC_dfe3b.dir/CMakeCXXCompilerABI.cpp.o -c /home/markus/cmake/cmake-3.16.6-Linux-x86_64/share/cmake-3.16/Modules/CMakeCXXCompilerABI.cpp]
  ignore line: [Using built-in specs.]
  ignore line: [COLLECT_GCC=/opt/rh/devtoolset-8/root/usr/bin/g++]
  ignore line: [Target: x86_64-redhat-linux]
  ignore line: [Configured with: ../configure --enable-bootstrap --enable-languages=c c++ fortran lto --prefix=/opt/rh/devtoolset-8/root/usr --mandir=/opt/rh/devtoolset-8/root/usr/share/man --infodir=/opt/rh/devtoolset-8/root/usr/share/info --with-bugurl=http://bugzilla.redhat.com/bugzilla --enable-shared --enable-threads=posix --enable-checking=release --enable-multilib --with-system-zlib --enable-__cxa_atexit --disable-libunwind-exceptions --enable-gnu-unique-object --enable-linker-build-id --with-gcc-major-version-only --with-linker-hash-style=gnu --with-default-libstdcxx-abi=gcc4-compatible --enable-plugin --enable-initfini-array --with-isl=/builddir/build/BUILD/gcc-8.3.1-20190311/obj-x86_64-redhat-linux/isl-install --disable-libmpx --enable-gnu-indirect-function --with-tune=generic --with-arch_32=x86-64 --build=x86_64-redhat-linux]
  ignore line: [Thread model: posix]
  ignore line: [gcc version 8.3.1 20190311 (Red Hat 8.3.1-3) (GCC) ]
  ignore line: [COLLECT_GCC_OPTIONS='-v' '-o' 'CMakeFiles/cmTC_dfe3b.dir/CMakeCXXCompilerABI.cpp.o' '-c' '-shared-libgcc' '-mtune=generic' '-march=x86-64']
  ignore line: [ /opt/rh/devtoolset-8/root/usr/libexec/gcc/x86_64-redhat-linux/8/cc1plus -quiet -v -D_GNU_SOURCE /home/markus/cmake/cmake-3.16.6-Linux-x86_64/share/cmake-3.16/Modules/CMakeCXXCompilerABI.cpp -quiet -dumpbase CMakeCXXCompilerABI.cpp -mtune=generic -march=x86-64 -auxbase-strip CMakeFiles/cmTC_dfe3b.dir/CMakeCXXCompilerABI.cpp.o -version -o /tmp/ccRcTRVQ.s]
  ignore line: [GNU C++14 (GCC) version 8.3.1 20190311 (Red Hat 8.3.1-3) (x86_64-redhat-linux)]
  ignore line: [	compiled by GNU C version 8.3.1 20190311 (Red Hat 8.3.1-3)  GMP version 6.0.0  MPFR version 3.1.1  MPC version 1.0.1  isl version isl-0.16.1-GMP]
  ignore line: []
  ignore line: [GGC heuristics: --param ggc-min-expand=100 --param ggc-min-heapsize=131072]
  ignore line: [ignoring nonexistent directory "/opt/rh/devtoolset-8/root/usr/lib/gcc/x86_64-redhat-linux/8/include-fixed"]
  ignore line: [ignoring nonexistent directory "/opt/rh/devtoolset-8/root/usr/lib/gcc/x86_64-redhat-linux/8/../../../../x86_64-redhat-linux/include"]
  ignore line: [#include "..." search starts here:]
  ignore line: [#include <...> search starts here:]
  ignore line: [ /opt/rh/devtoolset-8/root/usr/lib/gcc/x86_64-redhat-linux/8/../../../../include/c++/8]
  ignore line: [ /opt/rh/devtoolset-8/root/usr/lib/gcc/x86_64-redhat-linux/8/../../../../include/c++/8/x86_64-redhat-linux]
  ignore line: [ /opt/rh/devtoolset-8/root/usr/lib/gcc/x86_64-redhat-linux/8/../../../../include/c++/8/backward]
  ignore line: [ /opt/rh/devtoolset-8/root/usr/lib/gcc/x86_64-redhat-linux/8/include]
  ignore line: [ /usr/local/include]
  ignore line: [ /opt/rh/devtoolset-8/root/usr/include]
  ignore line: [ /usr/include]
  ignore line: [End of search list.]
  ignore line: [GNU C++14 (GCC) version 8.3.1 20190311 (Red Hat 8.3.1-3) (x86_64-redhat-linux)]
  ignore line: [	compiled by GNU C version 8.3.1 20190311 (Red Hat 8.3.1-3)  GMP version 6.0.0  MPFR version 3.1.1  MPC version 1.0.1  isl version isl-0.16.1-GMP]
  ignore line: []
  ignore line: [GGC heuristics: --param ggc-min-expand=100 --param ggc-min-heapsize=131072]
  ignore line: [Compiler executable checksum: 571460419ec27a69ccc981b824b811cc]
  ignore line: [COLLECT_GCC_OPTIONS='-v' '-o' 'CMakeFiles/cmTC_dfe3b.dir/CMakeCXXCompilerABI.cpp.o' '-c' '-shared-libgcc' '-mtune=generic' '-march=x86-64']
  ignore line: [ /opt/rh/devtoolset-8/root/usr/libexec/gcc/x86_64-redhat-linux/8/as -v --64 -o CMakeFiles/cmTC_dfe3b.dir/CMakeCXXCompilerABI.cpp.o /tmp/ccRcTRVQ.s]
  ignore line: [GNU assembler version 2.30 (x86_64-redhat-linux) using BFD version version 2.30-54.el7]
  ignore line: [COMPILER_PATH=/opt/rh/devtoolset-8/root/usr/libexec/gcc/x86_64-redhat-linux/8/:/opt/rh/devtoolset-8/root/usr/libexec/gcc/x86_64-redhat-linux/8/:/opt/rh/devtoolset-8/root/usr/libexec/gcc/x86_64-redhat-linux/:/opt/rh/devtoolset-8/root/usr/lib/gcc/x86_64-redhat-linux/8/:/opt/rh/devtoolset-8/root/usr/lib/gcc/x86_64-redhat-linux/]
  ignore line: [LIBRARY_PATH=/opt/rh/devtoolset-8/root/usr/lib/gcc/x86_64-redhat-linux/8/:/opt/rh/devtoolset-8/root/usr/lib/gcc/x86_64-redhat-linux/8/../../../../lib64/:/lib/../lib64/:/usr/lib/../lib64/:/opt/rh/devtoolset-8/root/usr/lib/gcc/x86_64-redhat-linux/8/../../../:/lib/:/usr/lib/]
  ignore line: [COLLECT_GCC_OPTIONS='-v' '-o' 'CMakeFiles/cmTC_dfe3b.dir/CMakeCXXCompilerABI.cpp.o' '-c' '-shared-libgcc' '-mtune=generic' '-march=x86-64']
  ignore line: [Linking CXX executable cmTC_dfe3b]
  ignore line: [/home/markus/cmake/cmake-3.16.6-Linux-x86_64/bin/cmake -E cmake_link_script CMakeFiles/cmTC_dfe3b.dir/link.txt --verbose=1]
  ignore line: [/opt/rh/devtoolset-8/root/usr/bin/g++     -static-libstdc++ -static-libgcc -Wl -rpath /ccb/sw/gcc10/lib -L/ccb/sw/gcc10/lib -v CMakeFiles/cmTC_dfe3b.dir/CMakeCXXCompilerABI.cpp.o  -o cmTC_dfe3b ]
  ignore line: [Using built-in specs.]
  ignore line: [COLLECT_GCC=/opt/rh/devtoolset-8/root/usr/bin/g++]
  ignore line: [COLLECT_LTO_WRAPPER=/opt/rh/devtoolset-8/root/usr/libexec/gcc/x86_64-redhat-linux/8/lto-wrapper]
  ignore line: [Target: x86_64-redhat-linux]
  ignore line: [Configured with: ../configure --enable-bootstrap --enable-languages=c c++ fortran lto --prefix=/opt/rh/devtoolset-8/root/usr --mandir=/opt/rh/devtoolset-8/root/usr/share/man --infodir=/opt/rh/devtoolset-8/root/usr/share/info --with-bugurl=http://bugzilla.redhat.com/bugzilla --enable-shared --enable-threads=posix --enable-checking=release --enable-multilib --with-system-zlib --enable-__cxa_atexit --disable-libunwind-exceptions --enable-gnu-unique-object --enable-linker-build-id --with-gcc-major-version-only --with-linker-hash-style=gnu --with-default-libstdcxx-abi=gcc4-compatible --enable-plugin --enable-initfini-array --with-isl=/builddir/build/BUILD/gcc-8.3.1-20190311/obj-x86_64-redhat-linux/isl-install --disable-libmpx --enable-gnu-indirect-function --with-tune=generic --with-arch_32=x86-64 --build=x86_64-redhat-linux]
  ignore line: [Thread model: posix]
  ignore line: [gcc version 8.3.1 20190311 (Red Hat 8.3.1-3) (GCC) ]
  ignore line: [COMPILER_PATH=/opt/rh/devtoolset-8/root/usr/libexec/gcc/x86_64-redhat-linux/8/:/opt/rh/devtoolset-8/root/usr/libexec/gcc/x86_64-redhat-linux/8/:/opt/rh/devtoolset-8/root/usr/libexec/gcc/x86_64-redhat-linux/:/opt/rh/devtoolset-8/root/usr/lib/gcc/x86_64-redhat-linux/8/:/opt/rh/devtoolset-8/root/usr/lib/gcc/x86_64-redhat-linux/]
  ignore line: [LIBRARY_PATH=/opt/rh/devtoolset-8/root/usr/lib/gcc/x86_64-redhat-linux/8/:/opt/rh/devtoolset-8/root/usr/lib/gcc/x86_64-redhat-linux/8/../../../../lib64/:/lib/../lib64/:/usr/lib/../lib64/:/opt/rh/devtoolset-8/root/usr/lib/gcc/x86_64-redhat-linux/8/../../../:/lib/:/usr/lib/]
  ignore line: [COLLECT_GCC_OPTIONS='-static-libgcc' '-L/ccb/sw/gcc10/lib' '-v' '-o' 'cmTC_dfe3b' '-mtune=generic' '-march=x86-64']
  link line: [ /opt/rh/devtoolset-8/root/usr/libexec/gcc/x86_64-redhat-linux/8/collect2 -plugin /opt/rh/devtoolset-8/root/usr/libexec/gcc/x86_64-redhat-linux/8/liblto_plugin.so -plugin-opt=/opt/rh/devtoolset-8/root/usr/libexec/gcc/x86_64-redhat-linux/8/lto-wrapper -plugin-opt=-fresolution=/tmp/cccbUIAW.res -plugin-opt=-pass-through=-lgcc -plugin-opt=-pass-through=-lgcc_eh -plugin-opt=-pass-through=-lc -plugin-opt=-pass-through=-lgcc -plugin-opt=-pass-through=-lgcc_eh --build-id --no-add-needed --eh-frame-hdr --hash-style=gnu -m elf_x86_64 -dynamic-linker /lib64/ld-linux-x86-64.so.2 -o cmTC_dfe3b /lib/../lib64/crt1.o /lib/../lib64/crti.o /opt/rh/devtoolset-8/root/usr/lib/gcc/x86_64-redhat-linux/8/crtbegin.o -L/ccb/sw/gcc10/lib -L/opt/rh/devtoolset-8/root/usr/lib/gcc/x86_64-redhat-linux/8 -L/opt/rh/devtoolset-8/root/usr/lib/gcc/x86_64-redhat-linux/8/../../../../lib64 -L/lib/../lib64 -L/usr/lib/../lib64 -L/opt/rh/devtoolset-8/root/usr/lib/gcc/x86_64-redhat-linux/8/../../.. -rpath /ccb/sw/gcc10/lib CMakeFiles/cmTC_dfe3b.dir/CMakeCXXCompilerABI.cpp.o -Bstatic -lstdc++ -Bdynamic -lm -lgcc -lgcc_eh -lc -lgcc -lgcc_eh /opt/rh/devtoolset-8/root/usr/lib/gcc/x86_64-redhat-linux/8/crtend.o /lib/../lib64/crtn.o]
    arg [/opt/rh/devtoolset-8/root/usr/libexec/gcc/x86_64-redhat-linux/8/collect2] ==> ignore
    arg [-plugin] ==> ignore
    arg [/opt/rh/devtoolset-8/root/usr/libexec/gcc/x86_64-redhat-linux/8/liblto_plugin.so] ==> ignore
    arg [-plugin-opt=/opt/rh/devtoolset-8/root/usr/libexec/gcc/x86_64-redhat-linux/8/lto-wrapper] ==> ignore
    arg [-plugin-opt=-fresolution=/tmp/cccbUIAW.res] ==> ignore
    arg [-plugin-opt=-pass-through=-lgcc] ==> ignore
    arg [-plugin-opt=-pass-through=-lgcc_eh] ==> ignore
    arg [-plugin-opt=-pass-through=-lc] ==> ignore
    arg [-plugin-opt=-pass-through=-lgcc] ==> ignore
    arg [-plugin-opt=-pass-through=-lgcc_eh] ==> ignore
    arg [--build-id] ==> ignore
    arg [--no-add-needed] ==> ignore
    arg [--eh-frame-hdr] ==> ignore
    arg [--hash-style=gnu] ==> ignore
    arg [-m] ==> ignore
    arg [elf_x86_64] ==> ignore
    arg [-dynamic-linker] ==> ignore
    arg [/lib64/ld-linux-x86-64.so.2] ==> ignore
    arg [-o] ==> ignore
    arg [cmTC_dfe3b] ==> ignore
    arg [/lib/../lib64/crt1.o] ==> ignore
    arg [/lib/../lib64/crti.o] ==> ignore
    arg [/opt/rh/devtoolset-8/root/usr/lib/gcc/x86_64-redhat-linux/8/crtbegin.o] ==> ignore
    arg [-L/ccb/sw/gcc10/lib] ==> dir [/ccb/sw/gcc10/lib]
    arg [-L/opt/rh/devtoolset-8/root/usr/lib/gcc/x86_64-redhat-linux/8] ==> dir [/opt/rh/devtoolset-8/root/usr/lib/gcc/x86_64-redhat-linux/8]
    arg [-L/opt/rh/devtoolset-8/root/usr/lib/gcc/x86_64-redhat-linux/8/../../../../lib64] ==> dir [/opt/rh/devtoolset-8/root/usr/lib/gcc/x86_64-redhat-linux/8/../../../../lib64]
    arg [-L/lib/../lib64] ==> dir [/lib/../lib64]
    arg [-L/usr/lib/../lib64] ==> dir [/usr/lib/../lib64]
    arg [-L/opt/rh/devtoolset-8/root/usr/lib/gcc/x86_64-redhat-linux/8/../../..] ==> dir [/opt/rh/devtoolset-8/root/usr/lib/gcc/x86_64-redhat-linux/8/../../..]
    arg [-rpath] ==> ignore
    arg [/ccb/sw/gcc10/lib] ==> ignore
    arg [CMakeFiles/cmTC_dfe3b.dir/CMakeCXXCompilerABI.cpp.o] ==> ignore
    arg [-Bstatic] ==> ignore
    arg [-lstdc++] ==> lib [stdc++]
    arg [-Bdynamic] ==> ignore
    arg [-lm] ==> lib [m]
    arg [-lgcc] ==> lib [gcc]
    arg [-lgcc_eh] ==> lib [gcc_eh]
    arg [-lc] ==> lib [c]
    arg [-lgcc] ==> lib [gcc]
    arg [-lgcc_eh] ==> lib [gcc_eh]
    arg [/opt/rh/devtoolset-8/root/usr/lib/gcc/x86_64-redhat-linux/8/crtend.o] ==> ignore
    arg [/lib/../lib64/crtn.o] ==> ignore
  remove lib [gcc_eh]
  remove lib [gcc_eh]
  collapse library dir [/ccb/sw/gcc10/lib] ==> [/ccb/sw/gcc10/lib]
  collapse library dir [/opt/rh/devtoolset-8/root/usr/lib/gcc/x86_64-redhat-linux/8] ==> [/opt/rh/devtoolset-8/root/usr/lib/gcc/x86_64-redhat-linux/8]
  collapse library dir [/opt/rh/devtoolset-8/root/usr/lib/gcc/x86_64-redhat-linux/8/../../../../lib64] ==> [/opt/rh/devtoolset-8/root/usr/lib64]
  collapse library dir [/lib/../lib64] ==> [/lib64]
  collapse library dir [/usr/lib/../lib64] ==> [/usr/lib64]
  collapse library dir [/opt/rh/devtoolset-8/root/usr/lib/gcc/x86_64-redhat-linux/8/../../..] ==> [/opt/rh/devtoolset-8/root/usr/lib]
  implicit libs: [stdc++;m;gcc;c;gcc]
  implicit dirs: [/ccb/sw/gcc10/lib;/opt/rh/devtoolset-8/root/usr/lib/gcc/x86_64-redhat-linux/8;/opt/rh/devtoolset-8/root/usr/lib64;/lib64;/usr/lib64;/opt/rh/devtoolset-8/root/usr/lib]
  implicit fwks: []


